Start testing: May 10 17:25 KST
----------------------------------------------------------
2/2 Testing: VectorCapacityTest
2/2 Test: VectorCapacityTest
Command: "/home/seungwuk98/workspace/database/vector/build/test/VectorCapacityTest"
Directory: /home/seungwuk98/workspace/database/vector/build/test
"VectorCapacityTest" start time: May 10 17:25 KST
Output:
----------------------------------------------------------
<end of output>
Test time =   0.00 sec
----------------------------------------------------------
Test Passed.
"VectorCapacityTest" end time: May 10 17:25 KST
"VectorCapacityTest" time elapsed: 00:00:00
----------------------------------------------------------

End testing: May 10 17:25 KST
